Compiling the CXX compiler identification source file "CMakeCXXCompilerId.cpp" failed.
Compiler: CMAKE_CXX_COMPILER-NOTFOUND 
Build flags: 
Id flags:  

The output was:
No such file or directory


Compiling the CXX compiler identification source file "CMakeCXXCompilerId.cpp" failed.
Compiler: CMAKE_CXX_COMPILER-NOTFOUND 
Build flags: 
Id flags: -c 

The output was:
No such file or directory


Compiling the CXX compiler identification source file "CMakeCXXCompilerId.cpp" failed.
Compiler: CMAKE_CXX_COMPILER-NOTFOUND 
Build flags: 
Id flags: --c++ 

The output was:
No such file or directory


Compiling the CXX compiler identification source file "CMakeCXXCompilerId.cpp" failed.
Compiler: CMAKE_CXX_COMPILER-NOTFOUND 
Build flags: 
Id flags: --ec++ 

The output was:
No such file or directory


Compiling the CXX compiler identification source file "CMakeCXXCompilerId.cpp" failed.
Compiler: CMAKE_CXX_COMPILER-NOTFOUND 
Build flags: 
Id flags: --target=arm-arm-none-eabi;-mcpu=cortex-m3 

The output was:
No such file or directory


Compiling the CXX compiler identification source file "CMakeCXXCompilerId.cpp" failed.
Compiler: CMAKE_CXX_COMPILER-NOTFOUND 
Build flags: 
Id flags:  

The output was:
No such file or directory


Compiling the CXX compiler identification source file "CMakeCXXCompilerId.cpp" failed.
Compiler: CMAKE_CXX_COMPILER-NOTFOUND 
Build flags: 
Id flags: -c 

The output was:
No such file or directory


Compiling the CXX compiler identification source file "CMakeCXXCompilerId.cpp" failed.
Compiler: CMAKE_CXX_COMPILER-NOTFOUND 
Build flags: 
Id flags: --c++ 

The output was:
No such file or directory


Compiling the CXX compiler identification source file "CMakeCXXCompilerId.cpp" failed.
Compiler: CMAKE_CXX_COMPILER-NOTFOUND 
Build flags: 
Id flags: --ec++ 

The output was:
No such file or directory


Compiling the CXX compiler identification source file "CMakeCXXCompilerId.cpp" failed.
Compiler: CMAKE_CXX_COMPILER-NOTFOUND 
Build flags: 
Id flags: --target=arm-arm-none-eabi;-mcpu=cortex-m3 

The output was:
No such file or directory


Performing C SOURCE FILE Test CMAKE_HAVE_LIBC_PTHREAD failed with the following output:
Change Dir: /home/asger/Arbejde/LT-automation/testcode/CMakeFiles/CMakeTmp

Run Build Command(s):/usr/bin/make cmTC_b904d/fast && make[1]: Entering directory '/home/asger/Arbejde/LT-automation/testcode/CMakeFiles/CMakeTmp'
/usr/bin/make -f CMakeFiles/cmTC_b904d.dir/build.make CMakeFiles/cmTC_b904d.dir/build
make[2]: Entering directory '/home/asger/Arbejde/LT-automation/testcode/CMakeFiles/CMakeTmp'
Building C object CMakeFiles/cmTC_b904d.dir/src.c.o
/usr/bin/cc   -DCMAKE_HAVE_LIBC_PTHREAD   -o CMakeFiles/cmTC_b904d.dir/src.c.o   -c /home/asger/Arbejde/LT-automation/testcode/CMakeFiles/CMakeTmp/src.c
Linking C executable cmTC_b904d
/usr/bin/cmake -E cmake_link_script CMakeFiles/cmTC_b904d.dir/link.txt --verbose=1
/usr/bin/cc  -DCMAKE_HAVE_LIBC_PTHREAD    -rdynamic CMakeFiles/cmTC_b904d.dir/src.c.o  -o cmTC_b904d 
/usr/bin/ld: CMakeFiles/cmTC_b904d.dir/src.c.o: in function `main':
src.c:(.text+0x46): undefined reference to `pthread_create'
/usr/bin/ld: src.c:(.text+0x52): undefined reference to `pthread_detach'
/usr/bin/ld: src.c:(.text+0x63): undefined reference to `pthread_join'
collect2: error: ld returned 1 exit status
make[2]: *** [CMakeFiles/cmTC_b904d.dir/build.make:87: cmTC_b904d] Error 1
make[2]: Leaving directory '/home/asger/Arbejde/LT-automation/testcode/CMakeFiles/CMakeTmp'
make[1]: *** [Makefile:121: cmTC_b904d/fast] Error 2
make[1]: Leaving directory '/home/asger/Arbejde/LT-automation/testcode/CMakeFiles/CMakeTmp'


Source file was:
#include <pthread.h>

void* test_func(void* data)
{
  return data;
}

int main(void)
{
  pthread_t thread;
  pthread_create(&thread, NULL, test_func, NULL);
  pthread_detach(thread);
  pthread_join(thread, NULL);
  pthread_atfork(NULL, NULL, NULL);
  pthread_exit(NULL);

  return 0;
}

Determining if the function pthread_create exists in the pthreads failed with the following output:
Change Dir: /home/asger/Arbejde/LT-automation/testcode/CMakeFiles/CMakeTmp

Run Build Command(s):/usr/bin/make cmTC_05d4f/fast && make[1]: Entering directory '/home/asger/Arbejde/LT-automation/testcode/CMakeFiles/CMakeTmp'
/usr/bin/make -f CMakeFiles/cmTC_05d4f.dir/build.make CMakeFiles/cmTC_05d4f.dir/build
make[2]: Entering directory '/home/asger/Arbejde/LT-automation/testcode/CMakeFiles/CMakeTmp'
Building C object CMakeFiles/cmTC_05d4f.dir/CheckFunctionExists.c.o
/usr/bin/cc   -DCHECK_FUNCTION_EXISTS=pthread_create   -o CMakeFiles/cmTC_05d4f.dir/CheckFunctionExists.c.o   -c /usr/share/cmake-3.16/Modules/CheckFunctionExists.c
Linking C executable cmTC_05d4f
/usr/bin/cmake -E cmake_link_script CMakeFiles/cmTC_05d4f.dir/link.txt --verbose=1
/usr/bin/cc  -DCHECK_FUNCTION_EXISTS=pthread_create    -rdynamic CMakeFiles/cmTC_05d4f.dir/CheckFunctionExists.c.o  -o cmTC_05d4f  -lpthreads 
/usr/bin/ld: cannot find -lpthreads
collect2: error: ld returned 1 exit status
make[2]: *** [CMakeFiles/cmTC_05d4f.dir/build.make:87: cmTC_05d4f] Error 1
make[2]: Leaving directory '/home/asger/Arbejde/LT-automation/testcode/CMakeFiles/CMakeTmp'
make[1]: *** [Makefile:121: cmTC_05d4f/fast] Error 2
make[1]: Leaving directory '/home/asger/Arbejde/LT-automation/testcode/CMakeFiles/CMakeTmp'



